0 info it worked if it ends with ok
1 verbose cli [ 'node', '/usr/local/bin/npm', 'install', 'google-api-client' ]
2 info using npm@1.4.28
3 info using node@v0.10.33
4 warn package.json node@0.0.0 No description
5 warn package.json node@0.0.0 No repository field.
6 warn package.json node@0.0.0 No README data
7 verbose cache add [ 'google-api-client', null ]
8 verbose cache add name=undefined spec="google-api-client" args=["google-api-client",null]
9 verbose parsed url { protocol: null,
9 verbose parsed url   slashes: null,
9 verbose parsed url   auth: null,
9 verbose parsed url   host: null,
9 verbose parsed url   port: null,
9 verbose parsed url   hostname: null,
9 verbose parsed url   hash: null,
9 verbose parsed url   search: null,
9 verbose parsed url   query: null,
9 verbose parsed url   pathname: 'google-api-client',
9 verbose parsed url   path: 'google-api-client',
9 verbose parsed url   href: 'google-api-client' }
10 silly lockFile f5fb1c60-google-api-client google-api-client
11 verbose lock google-api-client /Users/praneethpuligundla/.npm/f5fb1c60-google-api-client.lock
12 silly lockFile f5fb1c60-google-api-client google-api-client
13 silly lockFile f5fb1c60-google-api-client google-api-client
14 verbose addNamed [ 'google-api-client', '' ]
15 verbose addNamed [ null, '*' ]
16 silly lockFile 88671176-google-api-client google-api-client@
17 verbose lock google-api-client@ /Users/praneethpuligundla/.npm/88671176-google-api-client.lock
18 silly addNameRange { name: 'google-api-client', range: '*', hasData: false }
19 verbose request where is /google-api-client
20 verbose request registry https://registry.npmjs.org/
21 verbose request id 6a42efa67634fa42
22 verbose url raw /google-api-client
23 verbose url resolving [ 'https://registry.npmjs.org/', './google-api-client' ]
24 verbose url resolved https://registry.npmjs.org/google-api-client
25 verbose request where is https://registry.npmjs.org/google-api-client
26 info trying registry request attempt 1 at 19:20:29
27 http GET https://registry.npmjs.org/google-api-client
28 http 404 https://registry.npmjs.org/google-api-client
29 verbose headers { date: 'Thu, 15 Jan 2015 00:20:31 GMT',
29 verbose headers   server: 'CouchDB/1.5.0 (Erlang OTP/R16B03)',
29 verbose headers   'content-type': 'application/json',
29 verbose headers   'cache-control': 'max-age=0',
29 verbose headers   'content-length': '52',
29 verbose headers   'accept-ranges': 'bytes',
29 verbose headers   via: '1.1 varnish',
29 verbose headers   age: '0',
29 verbose headers   'x-served-by': 'cache-jfk1032-JFK',
29 verbose headers   'x-cache': 'MISS',
29 verbose headers   'x-cache-hits': '0',
29 verbose headers   'x-timer': 'S1421281230.802132,VS0,VE362',
29 verbose headers   'keep-alive': 'timeout=10, max=50',
29 verbose headers   connection: 'Keep-Alive' }
30 silly registry.get cb [ 404,
30 silly registry.get   { date: 'Thu, 15 Jan 2015 00:20:31 GMT',
30 silly registry.get     server: 'CouchDB/1.5.0 (Erlang OTP/R16B03)',
30 silly registry.get     'content-type': 'application/json',
30 silly registry.get     'cache-control': 'max-age=0',
30 silly registry.get     'content-length': '52',
30 silly registry.get     'accept-ranges': 'bytes',
30 silly registry.get     via: '1.1 varnish',
30 silly registry.get     age: '0',
30 silly registry.get     'x-served-by': 'cache-jfk1032-JFK',
30 silly registry.get     'x-cache': 'MISS',
30 silly registry.get     'x-cache-hits': '0',
30 silly registry.get     'x-timer': 'S1421281230.802132,VS0,VE362',
30 silly registry.get     'keep-alive': 'timeout=10, max=50',
30 silly registry.get     connection: 'Keep-Alive' } ]
31 silly lockFile 88671176-google-api-client google-api-client@
32 silly lockFile 88671176-google-api-client google-api-client@
33 error 404 404 Not Found: google-api-client
33 error 404
33 error 404 'google-api-client' is not in the npm registry.
33 error 404 You should bug the author to publish it
33 error 404
33 error 404 Note that you can also install from a
33 error 404 tarball, folder, or http url, or git url.
34 error System Darwin 14.0.0
35 error command "node" "/usr/local/bin/npm" "install" "google-api-client"
36 error cwd /Users/praneethpuligundla/Documents/GoogleCalendarWebApp
37 error node -v v0.10.33
38 error npm -v 1.4.28
39 error code E404
40 verbose exit [ 1, true ]
